<?xml version="1.0" encoding="UTF-8"?>
<!-- Generated by org.testng.reporters.JUnitReportReporter -->
<testsuite skipped="0" hostname="IN5CD8070P3Y" name="com.Selenium.DemoTest" tests="1" failures="0" timestamp="2020-06-28T16:21:40 IST" time="0.399" errors="0">
  <testcase name="dropdownTest" time="0.399" classname="com.Selenium.DemoTest"/>
  <system-out/>
</testsuite> <!-- com.Selenium.DemoTest -->
