<?xml version="1.0" encoding="UTF-8"?>
<!-- Generated by org.testng.reporters.JUnitReportReporter -->
<testsuite skipped="0" hostname="IN5CD8070P3Y" name="com.Selenium.PopUpWindowHandle" tests="1" failures="0" timestamp="2020-06-29T09:58:08 IST" time="19.312" errors="0">
  <testcase name="openUrl" time="19.312" classname="com.Selenium.PopUpWindowHandle"/>
  <system-out/>
</testsuite> <!-- com.Selenium.PopUpWindowHandle -->
