<?xml version="1.0" encoding="UTF-8"?>
<!-- Generated by org.testng.reporters.JUnitReportReporter -->
<testsuite skipped="0" hostname="IN5CD8070P3Y" name="com.testNG.BasicAnnotationsInTestNG" tests="2" failures="0" timestamp="2020-06-26T22:14:13 IST" time="0.006" errors="0">
  <testcase name="test5" time="0.001" classname="com.testNG.BasicAnnotationsInTestNG"/>
  <system-out/>
  <testcase name="test10" time="0.005" classname="com.testNG.BasicAnnotationsInTestNG"/>
  <system-out/>
</testsuite> <!-- com.testNG.BasicAnnotationsInTestNG -->
