<?xml version="1.0" encoding="UTF-8"?>
<!-- Generated by org.testng.reporters.JUnitReportReporter -->
<testsuite skipped="0" hostname="IN5CD8070P3Y" name="com.Selenium.AlertWindowHandle" tests="1" failures="0" timestamp="2020-06-29T15:12:37 IST" time="4.150" errors="0">
  <testcase name="handleAlert" time="4.150" classname="com.Selenium.AlertWindowHandle"/>
  <system-out/>
</testsuite> <!-- com.Selenium.AlertWindowHandle -->
