<?xml version="1.0" encoding="UTF-8"?>
<!-- Generated by org.testng.reporters.JUnitReportReporter -->
<testsuite skipped="0" hostname="IN5CD8070P3Y" name="DemoTest" tests="1" failures="0" timestamp="2020-06-28T16:06:02 IST" time="0.357" errors="0">
  <testcase name="dropdownTest" time="0.357" classname="DemoTest"/>
  <system-out/>
</testsuite> <!-- DemoTest -->
