<?xml version="1.0" encoding="UTF-8"?>
<!-- Generated by org.testng.reporters.JUnitReportReporter -->
<testsuite skipped="0" hostname="IN5CD8070P3Y" name="com.testNG.DataProviders" tests="5" failures="0" timestamp="2020-06-28T15:37:24 IST" time="0.020" errors="0">
  <testcase name="test2" time="0.001" classname="com.testNG.DataProviders"/>
  <system-out/>
  <testcase name="test1" time="0.014" classname="com.testNG.DataProviders"/>
  <system-out/>
  <testcase name="test2" time="0.001" classname="com.testNG.DataProviders"/>
  <system-out/>
  <testcase name="test2" time="0.002" classname="com.testNG.DataProviders"/>
  <system-out/>
  <testcase name="test1" time="0.002" classname="com.testNG.DataProviders"/>
  <system-out/>
</testsuite> <!-- com.testNG.DataProviders -->
